/staging3/dynspec/L74897/L74897_SAP000_B000_S0_P000_bf.h5  test indic:1
   
/staging3/dynspec/L74897/L74897_SAP000_B000_S0_P000_bf.h5
begin BEAM N° :0
index p N°: 0 sur 450
index p N°: 1 sur 450
index p N°: 2 sur 450
index p N°: 3 sur 450
index p N°: 4 sur 450
index p N°: 5 sur 450
index p N°: 6 sur 450
index p N°: 7 sur 450
index p N°: 8 sur 450
index p N°: 9 sur 450
index p N°: 10 sur 450
index p N°: 11 sur 450
index p N°: 12 sur 450
index p N°: 13 sur 450
index p N°: 14 sur 450
index p N°: 15 sur 450
index p N°: 16 sur 450
index p N°: 17 sur 450
index p N°: 18 sur 450
index p N°: 19 sur 450
index p N°: 20 sur 450
index p N°: 21 sur 450
index p N°: 22 sur 450
index p N°: 23 sur 450
index p N°: 24 sur 450
index p N°: 25 sur 450
index p N°: 26 sur 450
index p N°: 27 sur 450
index p N°: 28 sur 450
index p N°: 29 sur 450
index p N°: 30 sur 450
index p N°: 31 sur 450
index p N°: 32 sur 450
index p N°: 33 sur 450
index p N°: 34 sur 450
index p N°: 35 sur 450
index p N°: 36 sur 450
index p N°: 37 sur 450
index p N°: 38 sur 450
index p N°: 39 sur 450
index p N°: 40 sur 450
index p N°: 41 sur 450
index p N°: 42 sur 450
index p N°: 43 sur 450
index p N°: 44 sur 450
index p N°: 45 sur 450
index p N°: 46 sur 450
index p N°: 47 sur 450
index p N°: 48 sur 450
index p N°: 49 sur 450
index p N°: 50 sur 450
index p N°: 51 sur 450
index p N°: 52 sur 450
index p N°: 53 sur 450
index p N°: 54 sur 450
index p N°: 55 sur 450
index p N°: 56 sur 450
index p N°: 57 sur 450
index p N°: 58 sur 450
index p N°: 59 sur 450
index p N°: 60 sur 450
index p N°: 61 sur 450
index p N°: 62 sur 450
index p N°: 63 sur 450
index p N°: 64 sur 450
index p N°: 65 sur 450
index p N°: 66 sur 450
index p N°: 67 sur 450
index p N°: 68 sur 450
index p N°: 69 sur 450
index p N°: 70 sur 450
index p N°: 71 sur 450
index p N°: 72 sur 450
index p N°: 73 sur 450
index p N°: 74 sur 450
index p N°: 75 sur 450
index p N°: 76 sur 450
index p N°: 77 sur 450
index p N°: 78 sur 450
index p N°: 79 sur 450
index p N°: 80 sur 450
index p N°: 81 sur 450
index p N°: 82 sur 450
index p N°: 83 sur 450
index p N°: 84 sur 450
index p N°: 85 sur 450
index p N°: 86 sur 450
index p N°: 87 sur 450
index p N°: 88 sur 450
index p N°: 89 sur 450
index p N°: 90 sur 450
index p N°: 91 sur 450
index p N°: 92 sur 450
index p N°: 93 sur 450
index p N°: 94 sur 450
index p N°: 95 sur 450
index p N°: 96 sur 450
index p N°: 97 sur 450
index p N°: 98 sur 450
index p N°: 99 sur 450
index p N°: 100 sur 450
index p N°: 101 sur 450
index p N°: 102 sur 450
index p N°: 103 sur 450
index p N°: 104 sur 450
index p N°: 105 sur 450
index p N°: 106 sur 450
index p N°: 107 sur 450
index p N°: 108 sur 450
index p N°: 109 sur 450
index p N°: 110 sur 450
index p N°: 111 sur 450
index p N°: 112 sur 450
index p N°: 113 sur 450
index p N°: 114 sur 450
index p N°: 115 sur 450
index p N°: 116 sur 450
index p N°: 117 sur 450
index p N°: 118 sur 450
index p N°: 119 sur 450
index p N°: 120 sur 450
index p N°: 121 sur 450
index p N°: 122 sur 450
index p N°: 123 sur 450
index p N°: 124 sur 450
index p N°: 125 sur 450
index p N°: 126 sur 450
index p N°: 127 sur 450
index p N°: 128 sur 450
index p N°: 129 sur 450
index p N°: 130 sur 450
index p N°: 131 sur 450
index p N°: 132 sur 450
index p N°: 133 sur 450
index p N°: 134 sur 450
index p N°: 135 sur 450
index p N°: 136 sur 450
index p N°: 137 sur 450
index p N°: 138 sur 450
index p N°: 139 sur 450
index p N°: 140 sur 450
index p N°: 141 sur 450
index p N°: 142 sur 450
index p N°: 143 sur 450
index p N°: 144 sur 450
index p N°: 145 sur 450
index p N°: 146 sur 450
index p N°: 147 sur 450
index p N°: 148 sur 450
index p N°: 149 sur 450
index p N°: 150 sur 450
index p N°: 151 sur 450
index p N°: 152 sur 450
index p N°: 153 sur 450
index p N°: 154 sur 450
index p N°: 155 sur 450
index p N°: 156 sur 450
index p N°: 157 sur 450
index p N°: 158 sur 450
index p N°: 159 sur 450
index p N°: 160 sur 450
index p N°: 161 sur 450
index p N°: 162 sur 450
index p N°: 163 sur 450
index p N°: 164 sur 450
index p N°: 165 sur 450
index p N°: 166 sur 450
index p N°: 167 sur 450
index p N°: 168 sur 450
index p N°: 169 sur 450
index p N°: 170 sur 450
index p N°: 171 sur 450
index p N°: 172 sur 450
index p N°: 173 sur 450
index p N°: 174 sur 450
index p N°: 175 sur 450
index p N°: 176 sur 450
index p N°: 177 sur 450
index p N°: 178 sur 450
index p N°: 179 sur 450
index p N°: 180 sur 450
index p N°: 181 sur 450
index p N°: 182 sur 450
index p N°: 183 sur 450
index p N°: 184 sur 450
index p N°: 185 sur 450
index p N°: 186 sur 450
index p N°: 187 sur 450
index p N°: 188 sur 450
index p N°: 189 sur 450
index p N°: 190 sur 450
index p N°: 191 sur 450
index p N°: 192 sur 450
index p N°: 193 sur 450
index p N°: 194 sur 450
index p N°: 195 sur 450
index p N°: 196 sur 450
index p N°: 197 sur 450
index p N°: 198 sur 450
index p N°: 199 sur 450
index p N°: 200 sur 450
index p N°: 201 sur 450
index p N°: 202 sur 450
index p N°: 203 sur 450
index p N°: 204 sur 450
index p N°: 205 sur 450
index p N°: 206 sur 450
index p N°: 207 sur 450
index p N°: 208 sur 450
index p N°: 209 sur 450
index p N°: 210 sur 450
index p N°: 211 sur 450
index p N°: 212 sur 450
index p N°: 213 sur 450
index p N°: 214 sur 450
index p N°: 215 sur 450
index p N°: 216 sur 450
index p N°: 217 sur 450
index p N°: 218 sur 450
index p N°: 219 sur 450
index p N°: 220 sur 450
index p N°: 221 sur 450
index p N°: 222 sur 450
index p N°: 223 sur 450
index p N°: 224 sur 450
index p N°: 225 sur 450
index p N°: 226 sur 450
index p N°: 227 sur 450
index p N°: 228 sur 450
index p N°: 229 sur 450
index p N°: 230 sur 450
index p N°: 231 sur 450
index p N°: 232 sur 450
index p N°: 233 sur 450
index p N°: 234 sur 450
index p N°: 235 sur 450
index p N°: 236 sur 450
index p N°: 237 sur 450
index p N°: 238 sur 450
index p N°: 239 sur 450
index p N°: 240 sur 450
index p N°: 241 sur 450
index p N°: 242 sur 450
index p N°: 243 sur 450
index p N°: 244 sur 450
index p N°: 245 sur 450
index p N°: 246 sur 450
index p N°: 247 sur 450
index p N°: 248 sur 450
index p N°: 249 sur 450
index p N°: 250 sur 450
index p N°: 251 sur 450
index p N°: 252 sur 450
index p N°: 253 sur 450
index p N°: 254 sur 450
index p N°: 255 sur 450
index p N°: 256 sur 450
index p N°: 257 sur 450
index p N°: 258 sur 450
index p N°: 259 sur 450
index p N°: 260 sur 450
index p N°: 261 sur 450
index p N°: 262 sur 450
index p N°: 263 sur 450
index p N°: 264 sur 450
index p N°: 265 sur 450
index p N°: 266 sur 450
index p N°: 267 sur 450
index p N°: 268 sur 450
index p N°: 269 sur 450
index p N°: 270 sur 450
index p N°: 271 sur 450
index p N°: 272 sur 450
index p N°: 273 sur 450
index p N°: 274 sur 450
index p N°: 275 sur 450
index p N°: 276 sur 450
index p N°: 277 sur 450
index p N°: 278 sur 450
index p N°: 279 sur 450
index p N°: 280 sur 450
index p N°: 281 sur 450
index p N°: 282 sur 450
index p N°: 283 sur 450
index p N°: 284 sur 450
index p N°: 285 sur 450
index p N°: 286 sur 450
index p N°: 287 sur 450
index p N°: 288 sur 450
index p N°: 289 sur 450
index p N°: 290 sur 450
index p N°: 291 sur 450
index p N°: 292 sur 450
index p N°: 293 sur 450
index p N°: 294 sur 450
index p N°: 295 sur 450
index p N°: 296 sur 450
index p N°: 297 sur 450
index p N°: 298 sur 450
index p N°: 299 sur 450
index p N°: 300 sur 450
index p N°: 301 sur 450
index p N°: 302 sur 450
index p N°: 303 sur 450
index p N°: 304 sur 450
index p N°: 305 sur 450
index p N°: 306 sur 450
index p N°: 307 sur 450
index p N°: 308 sur 450
index p N°: 309 sur 450
index p N°: 310 sur 450
index p N°: 311 sur 450
index p N°: 312 sur 450
index p N°: 313 sur 450
index p N°: 314 sur 450
index p N°: 315 sur 450
index p N°: 316 sur 450
index p N°: 317 sur 450
index p N°: 318 sur 450
index p N°: 319 sur 450
index p N°: 320 sur 450
index p N°: 321 sur 450
index p N°: 322 sur 450
index p N°: 323 sur 450
index p N°: 324 sur 450
index p N°: 325 sur 450
index p N°: 326 sur 450
index p N°: 327 sur 450
index p N°: 328 sur 450
index p N°: 329 sur 450
index p N°: 330 sur 450
index p N°: 331 sur 450
index p N°: 332 sur 450
index p N°: 333 sur 450
index p N°: 334 sur 450
index p N°: 335 sur 450
index p N°: 336 sur 450
index p N°: 337 sur 450
index p N°: 338 sur 450
index p N°: 339 sur 450
index p N°: 340 sur 450
index p N°: 341 sur 450
index p N°: 342 sur 450
index p N°: 343 sur 450
index p N°: 344 sur 450
index p N°: 345 sur 450
index p N°: 346 sur 450
index p N°: 347 sur 450
index p N°: 348 sur 450
index p N°: 349 sur 450
index p N°: 350 sur 450
index p N°: 351 sur 450
index p N°: 352 sur 450
index p N°: 353 sur 450
index p N°: 354 sur 450
index p N°: 355 sur 450
index p N°: 356 sur 450
index p N°: 357 sur 450
index p N°: 358 sur 450
index p N°: 359 sur 450
index p N°: 360 sur 450
index p N°: 361 sur 450
index p N°: 362 sur 450
index p N°: 363 sur 450
index p N°: 364 sur 450
index p N°: 365 sur 450
index p N°: 366 sur 450
index p N°: 367 sur 450
index p N°: 368 sur 450
index p N°: 369 sur 450
index p N°: 370 sur 450
index p N°: 371 sur 450
index p N°: 372 sur 450
index p N°: 373 sur 450
index p N°: 374 sur 450
index p N°: 375 sur 450
index p N°: 376 sur 450
index p N°: 377 sur 450
index p N°: 378 sur 450
index p N°: 379 sur 450
index p N°: 380 sur 450
index p N°: 381 sur 450
index p N°: 382 sur 450
index p N°: 383 sur 450
index p N°: 384 sur 450
index p N°: 385 sur 450
index p N°: 386 sur 450
index p N°: 387 sur 450
index p N°: 388 sur 450
index p N°: 389 sur 450
index p N°: 390 sur 450
index p N°: 391 sur 450
index p N°: 392 sur 450
index p N°: 393 sur 450
index p N°: 394 sur 450
index p N°: 395 sur 450
index p N°: 396 sur 450
index p N°: 397 sur 450
index p N°: 398 sur 450
index p N°: 399 sur 450
index p N°: 400 sur 450
index p N°: 401 sur 450
index p N°: 402 sur 450
index p N°: 403 sur 450
index p N°: 404 sur 450
index p N°: 405 sur 450
index p N°: 406 sur 450
index p N°: 407 sur 450
index p N°: 408 sur 450
index p N°: 409 sur 450
index p N°: 410 sur 450
index p N°: 411 sur 450
index p N°: 412 sur 450
index p N°: 413 sur 450
index p N°: 414 sur 450
index p N°: 415 sur 450
index p N°: 416 sur 450
index p N°: 417 sur 450
index p N°: 418 sur 450
index p N°: 419 sur 450
index p N°: 420 sur 450
index p N°: 421 sur 450
index p N°: 422 sur 450
index p N°: 423 sur 450
index p N°: 424 sur 450
index p N°: 425 sur 450
index p N°: 426 sur 450
index p N°: 427 sur 450
index p N°: 428 sur 450
index p N°: 429 sur 450
index p N°: 430 sur 450
index p N°: 431 sur 450
index p N°: 432 sur 450
index p N°: 433 sur 450
index p N°: 434 sur 450
index p N°: 435 sur 450
index p N°: 436 sur 450
index p N°: 437 sur 450
index p N°: 438 sur 450
index p N°: 439 sur 450
index p N°: 440 sur 450
index p N°: 441 sur 450
index p N°: 442 sur 450
index p N°: 443 sur 450
index p N°: 444 sur 450
index p N°: 445 sur 450
index p N°: 446 sur 450
index p N°: 447 sur 450
index p N°: 448 sur 450
index p N°: 449 sur 450
SubArrayPointings N° 1 and Dynspec N° 0 is done
begin BEAM N° :1
index p N°: 0 sur 450
index p N°: 1 sur 450
index p N°: 2 sur 450
index p N°: 3 sur 450
index p N°: 4 sur 450
index p N°: 5 sur 450
index p N°: 6 sur 450
index p N°: 7 sur 450
index p N°: 8 sur 450
index p N°: 9 sur 450
index p N°: 10 sur 450
index p N°: 11 sur 450
index p N°: 12 sur 450
index p N°: 13 sur 450
index p N°: 14 sur 450
index p N°: 15 sur 450
index p N°: 16 sur 450
index p N°: 17 sur 450
index p N°: 18 sur 450
index p N°: 19 sur 450
index p N°: 20 sur 450
index p N°: 21 sur 450
index p N°: 22 sur 450
index p N°: 23 sur 450
index p N°: 24 sur 450
index p N°: 25 sur 450
index p N°: 26 sur 450
index p N°: 27 sur 450
index p N°: 28 sur 450
index p N°: 29 sur 450
index p N°: 30 sur 450
index p N°: 31 sur 450
index p N°: 32 sur 450
index p N°: 33 sur 450
index p N°: 34 sur 450
index p N°: 35 sur 450
index p N°: 36 sur 450
index p N°: 37 sur 450
index p N°: 38 sur 450
index p N°: 39 sur 450
index p N°: 40 sur 450
index p N°: 41 sur 450
index p N°: 42 sur 450
index p N°: 43 sur 450
index p N°: 44 sur 450
index p N°: 45 sur 450
index p N°: 46 sur 450
index p N°: 47 sur 450
index p N°: 48 sur 450
index p N°: 49 sur 450
index p N°: 50 sur 450
index p N°: 51 sur 450
index p N°: 52 sur 450
index p N°: 53 sur 450
index p N°: 54 sur 450
index p N°: 55 sur 450
index p N°: 56 sur 450
index p N°: 57 sur 450
index p N°: 58 sur 450
index p N°: 59 sur 450
index p N°: 60 sur 450
index p N°: 61 sur 450
index p N°: 62 sur 450
index p N°: 63 sur 450
index p N°: 64 sur 450
index p N°: 65 sur 450
index p N°: 66 sur 450
index p N°: 67 sur 450
index p N°: 68 sur 450
index p N°: 69 sur 450
index p N°: 70 sur 450
index p N°: 71 sur 450
index p N°: 72 sur 450
index p N°: 73 sur 450
index p N°: 74 sur 450
index p N°: 75 sur 450
index p N°: 76 sur 450
index p N°: 77 sur 450
index p N°: 78 sur 450
index p N°: 79 sur 450
index p N°: 80 sur 450
index p N°: 81 sur 450
index p N°: 82 sur 450
index p N°: 83 sur 450
index p N°: 84 sur 450
index p N°: 85 sur 450
index p N°: 86 sur 450
index p N°: 87 sur 450
index p N°: 88 sur 450
index p N°: 89 sur 450
index p N°: 90 sur 450
index p N°: 91 sur 450
index p N°: 92 sur 450
index p N°: 93 sur 450
index p N°: 94 sur 450
index p N°: 95 sur 450
index p N°: 96 sur 450
index p N°: 97 sur 450
index p N°: 98 sur 450
index p N°: 99 sur 450
index p N°: 100 sur 450
index p N°: 101 sur 450
index p N°: 102 sur 450
index p N°: 103 sur 450
index p N°: 104 sur 450
index p N°: 105 sur 450
index p N°: 106 sur 450
index p N°: 107 sur 450
index p N°: 108 sur 450
index p N°: 109 sur 450
index p N°: 110 sur 450
index p N°: 111 sur 450
index p N°: 112 sur 450
index p N°: 113 sur 450
index p N°: 114 sur 450
index p N°: 115 sur 450
index p N°: 116 sur 450
index p N°: 117 sur 450
index p N°: 118 sur 450
index p N°: 119 sur 450
index p N°: 120 sur 450
index p N°: 121 sur 450
index p N°: 122 sur 450
index p N°: 123 sur 450
index p N°: 124 sur 450
index p N°: 125 sur 450
index p N°: 126 sur 450
index p N°: 127 sur 450
index p N°: 128 sur 450
index p N°: 129 sur 450
index p N°: 130 sur 450
index p N°: 131 sur 450
index p N°: 132 sur 450
index p N°: 133 sur 450
index p N°: 134 sur 450
index p N°: 135 sur 450
index p N°: 136 sur 450
index p N°: 137 sur 450
index p N°: 138 sur 450
index p N°: 139 sur 450
index p N°: 140 sur 450
index p N°: 141 sur 450
index p N°: 142 sur 450
index p N°: 143 sur 450
index p N°: 144 sur 450
index p N°: 145 sur 450
index p N°: 146 sur 450
index p N°: 147 sur 450
index p N°: 148 sur 450
index p N°: 149 sur 450
index p N°: 150 sur 450
index p N°: 151 sur 450
index p N°: 152 sur 450
index p N°: 153 sur 450
index p N°: 154 sur 450
index p N°: 155 sur 450
index p N°: 156 sur 450
index p N°: 157 sur 450
index p N°: 158 sur 450
index p N°: 159 sur 450
index p N°: 160 sur 450
index p N°: 161 sur 450
index p N°: 162 sur 450
index p N°: 163 sur 450
index p N°: 164 sur 450
index p N°: 165 sur 450
index p N°: 166 sur 450
index p N°: 167 sur 450
index p N°: 168 sur 450
index p N°: 169 sur 450
index p N°: 170 sur 450
index p N°: 171 sur 450
index p N°: 172 sur 450
index p N°: 173 sur 450
index p N°: 174 sur 450
index p N°: 175 sur 450
index p N°: 176 sur 450
index p N°: 177 sur 450
index p N°: 178 sur 450
index p N°: 179 sur 450
index p N°: 180 sur 450
index p N°: 181 sur 450
index p N°: 182 sur 450
index p N°: 183 sur 450
index p N°: 184 sur 450
index p N°: 185 sur 450
index p N°: 186 sur 450
index p N°: 187 sur 450
index p N°: 188 sur 450
index p N°: 189 sur 450
index p N°: 190 sur 450
index p N°: 191 sur 450
index p N°: 192 sur 450
index p N°: 193 sur 450
index p N°: 194 sur 450
index p N°: 195 sur 450
index p N°: 196 sur 450
index p N°: 197 sur 450
index p N°: 198 sur 450
index p N°: 199 sur 450
index p N°: 200 sur 450
index p N°: 201 sur 450
index p N°: 202 sur 450
index p N°: 203 sur 450
index p N°: 204 sur 450
index p N°: 205 sur 450
index p N°: 206 sur 450
index p N°: 207 sur 450
index p N°: 208 sur 450
index p N°: 209 sur 450
index p N°: 210 sur 450
index p N°: 211 sur 450
index p N°: 212 sur 450
index p N°: 213 sur 450
index p N°: 214 sur 450
index p N°: 215 sur 450
index p N°: 216 sur 450
index p N°: 217 sur 450
index p N°: 218 sur 450
index p N°: 219 sur 450
index p N°: 220 sur 450
index p N°: 221 sur 450
index p N°: 222 sur 450
index p N°: 223 sur 450
index p N°: 224 sur 450
index p N°: 225 sur 450
index p N°: 226 sur 450
index p N°: 227 sur 450
index p N°: 228 sur 450
index p N°: 229 sur 450
index p N°: 230 sur 450
index p N°: 231 sur 450
index p N°: 232 sur 450
index p N°: 233 sur 450
index p N°: 234 sur 450
index p N°: 235 sur 450
index p N°: 236 sur 450
index p N°: 237 sur 450
index p N°: 238 sur 450
index p N°: 239 sur 450
index p N°: 240 sur 450
index p N°: 241 sur 450
index p N°: 242 sur 450
index p N°: 243 sur 450
index p N°: 244 sur 450
index p N°: 245 sur 450
index p N°: 246 sur 450
index p N°: 247 sur 450
index p N°: 248 sur 450
index p N°: 249 sur 450
index p N°: 250 sur 450
index p N°: 251 sur 450
index p N°: 252 sur 450
index p N°: 253 sur 450
index p N°: 254 sur 450
index p N°: 255 sur 450
index p N°: 256 sur 450
index p N°: 257 sur 450
index p N°: 258 sur 450
index p N°: 259 sur 450
index p N°: 260 sur 450
index p N°: 261 sur 450
index p N°: 262 sur 450
index p N°: 263 sur 450
index p N°: 264 sur 450
index p N°: 265 sur 450
index p N°: 266 sur 450
index p N°: 267 sur 450
index p N°: 268 sur 450
index p N°: 269 sur 450
index p N°: 270 sur 450
index p N°: 271 sur 450
index p N°: 272 sur 450
index p N°: 273 sur 450
index p N°: 274 sur 450
index p N°: 275 sur 450
index p N°: 276 sur 450
index p N°: 277 sur 450
index p N°: 278 sur 450
index p N°: 279 sur 450
index p N°: 280 sur 450
index p N°: 281 sur 450
index p N°: 282 sur 450
index p N°: 283 sur 450
index p N°: 284 sur 450
index p N°: 285 sur 450
index p N°: 286 sur 450
index p N°: 287 sur 450
index p N°: 288 sur 450
index p N°: 289 sur 450
index p N°: 290 sur 450
index p N°: 291 sur 450
index p N°: 292 sur 450
index p N°: 293 sur 450
index p N°: 294 sur 450
index p N°: 295 sur 450
index p N°: 296 sur 450
index p N°: 297 sur 450
index p N°: 298 sur 450
index p N°: 299 sur 450
index p N°: 300 sur 450
index p N°: 301 sur 450
index p N°: 302 sur 450
index p N°: 303 sur 450
index p N°: 304 sur 450
index p N°: 305 sur 450
index p N°: 306 sur 450
index p N°: 307 sur 450
index p N°: 308 sur 450
index p N°: 309 sur 450
index p N°: 310 sur 450
index p N°: 311 sur 450
index p N°: 312 sur 450
index p N°: 313 sur 450
index p N°: 314 sur 450
index p N°: 315 sur 450
index p N°: 316 sur 450
index p N°: 317 sur 450
index p N°: 318 sur 450
index p N°: 319 sur 450
index p N°: 320 sur 450
index p N°: 321 sur 450
index p N°: 322 sur 450
index p N°: 323 sur 450
index p N°: 324 sur 450
index p N°: 325 sur 450
index p N°: 326 sur 450
index p N°: 327 sur 450
index p N°: 328 sur 450
index p N°: 329 sur 450
index p N°: 330 sur 450
index p N°: 331 sur 450
index p N°: 332 sur 450
index p N°: 333 sur 450
index p N°: 334 sur 450
index p N°: 335 sur 450
index p N°: 336 sur 450
index p N°: 337 sur 450
index p N°: 338 sur 450
index p N°: 339 sur 450
index p N°: 340 sur 450
index p N°: 341 sur 450
index p N°: 342 sur 450
index p N°: 343 sur 450
index p N°: 344 sur 450
index p N°: 345 sur 450
index p N°: 346 sur 450
index p N°: 347 sur 450
index p N°: 348 sur 450
index p N°: 349 sur 450
index p N°: 350 sur 450
index p N°: 351 sur 450
index p N°: 352 sur 450
index p N°: 353 sur 450
index p N°: 354 sur 450
index p N°: 355 sur 450
index p N°: 356 sur 450
index p N°: 357 sur 450
index p N°: 358 sur 450
index p N°: 359 sur 450
index p N°: 360 sur 450
index p N°: 361 sur 450
index p N°: 362 sur 450
index p N°: 363 sur 450
index p N°: 364 sur 450
index p N°: 365 sur 450
index p N°: 366 sur 450
index p N°: 367 sur 450
index p N°: 368 sur 450
index p N°: 369 sur 450
index p N°: 370 sur 450
index p N°: 371 sur 450
index p N°: 372 sur 450
index p N°: 373 sur 450
index p N°: 374 sur 450
index p N°: 375 sur 450
index p N°: 376 sur 450
index p N°: 377 sur 450
index p N°: 378 sur 450
index p N°: 379 sur 450
index p N°: 380 sur 450
index p N°: 381 sur 450
index p N°: 382 sur 450
index p N°: 383 sur 450
index p N°: 384 sur 450
index p N°: 385 sur 450
index p N°: 386 sur 450
index p N°: 387 sur 450
index p N°: 388 sur 450
index p N°: 389 sur 450
index p N°: 390 sur 450
index p N°: 391 sur 450
index p N°: 392 sur 450
index p N°: 393 sur 450
index p N°: 394 sur 450
index p N°: 395 sur 450
index p N°: 396 sur 450
index p N°: 397 sur 450
index p N°: 398 sur 450
index p N°: 399 sur 450
index p N°: 400 sur 450
index p N°: 401 sur 450
index p N°: 402 sur 450
index p N°: 403 sur 450
index p N°: 404 sur 450
index p N°: 405 sur 450
index p N°: 406 sur 450
index p N°: 407 sur 450
index p N°: 408 sur 450
index p N°: 409 sur 450
index p N°: 410 sur 450
index p N°: 411 sur 450
index p N°: 412 sur 450
index p N°: 413 sur 450
index p N°: 414 sur 450
index p N°: 415 sur 450
index p N°: 416 sur 450
index p N°: 417 sur 450
index p N°: 418 sur 450
index p N°: 419 sur 450
index p N°: 420 sur 450
index p N°: 421 sur 450
index p N°: 422 sur 450
index p N°: 423 sur 450
index p N°: 424 sur 450
index p N°: 425 sur 450
index p N°: 426 sur 450
index p N°: 427 sur 450
index p N°: 428 sur 450
index p N°: 429 sur 450
index p N°: 430 sur 450
index p N°: 431 sur 450
index p N°: 432 sur 450
index p N°: 433 sur 450
index p N°: 434 sur 450
index p N°: 435 sur 450
index p N°: 436 sur 450
index p N°: 437 sur 450
index p N°: 438 sur 450
index p N°: 439 sur 450
index p N°: 440 sur 450
index p N°: 441 sur 450
index p N°: 442 sur 450
