# pycrtools.template
# pycrtools.core
# pycrtools.core.types
pycrtools.core.htypes
pycrtools.core.harray
pycrtools.core.vector
pycrtools.core.plot
pycrtools.core.workspaces
pycrtools.core.hftools.mArray
pycrtools.core.hftools.mVector
pycrtools.core.hftools.mMath
pycrtools.core.hftools.mFitting
pycrtools.core.hftools.mFilter
pycrtools.core.hftools.mFFT
pycrtools.core.hftools.mFFTW
pycrtools.core.hftools.mImaging
pycrtools.core.hftools.mIO
pycrtools.core.hftools.mNumpy
pycrtools.core.hftools.mRF
pycrtools.core.hftools.mTBB
pycrtools.core.hftools.mEndPointRadiation
pycrtools.metadata
pycrtools.grid
pycrtools.matching
pycrtools.srcfind
pycrtools.ppf
pycrtools.tasks
pycrtools.tasks.averagespectrum
pycrtools.tasks.beamformer
pycrtools.tasks.dynamicspectrum
pycrtools.tasks.fitbaseline
pycrtools.tasks.imager
pycrtools.tasks.pulsecal
pycrtools.io
pycrtools.io.interfaces
#pycrtools.IO.TBB
