# pycrtools.template
# pycrtools.core
# pycrtools.core.types
pycrtools.core.htypes
pycrtools.core.harray
pycrtools.core.plot
pycrtools.core.vector
pycrtools.core.workspaces
# pycrtools.core.hftools.mArray
pycrtools.core.hftools.mVector
pycrtools.core.hftools.mMath
pycrtools.core.hftools.mFitting
pycrtools.core.hftools.mFilter
pycrtools.core.hftools.mFFT
pycrtools.core.hftools.mFFTW
pycrtools.core.hftools.mImaging
pycrtools.core.hftools.mIO
pycrtools.core.hftools.mRF
pycrtools.core.hftools.mTBB
pycrtools.core.hftools.mEndPointRadiation
pycrtools.core.hftools.mCalibration
pycrtools.crdatabase
pycrtools.grid
pycrtools.lora
pycrtools.metadata
pycrtools.matching
pycrtools.qualitycheck
pycrtools.ppf
pycrtools.srcfind
pycrtools.tasks
pycrtools.tasks.averagespectrum
pycrtools.tasks.beamformer
pycrtools.tasks.dynamicspectrum
pycrtools.tasks.fitbaseline
pycrtools.tasks.imager
pycrtools.tasks.pulsecal
pycrtools.tasks.ldf
pycrtools.io
pycrtools.io.database
pycrtools.io.interfaces
#pycrtools.IO.TBB
